<?xml version="1.0" encoding="UTF-8"?>
<!-- Generated by org.testng.reporters.JUnitXMLReporter -->
<testsuite ignored="0" hostname="DESKTOP-LKHC9K7" failures="1" tests="13" name="Swag Labs Test Cases" time="111.481" errors="0" timestamp="14 Sep 2022 06:22:08 GMT">
  <testcase classname="com.hybrid.testcases.LoginPageTC" name="loginTest" time="1.073"/>
  <testcase classname="com.hybrid.testcases.LoginPageTC" name="verifyLoginPageTitleTest" time="0.017"/>
  <testcase classname="com.hybrid.testcases.ProductsPageTC" name="validateBackpackNameTest" time="0.511"/>
  <testcase classname="com.hybrid.testcases.ProductsPageTC" name="verifyAddToCartBtnTest" time="0.217"/>
  <testcase classname="com.hybrid.testcases.ProductsPageTC" name="verifyBackpackNameTest" time="1.003"/>
  <testcase classname="com.hybrid.testcases.ProductsPageTC" name="verifyCartBtnTest" time="0.128"/>
  <testcase classname="com.hybrid.testcases.ProductsPageTC" name="verifyProductsPageTitleTest" time="0.016"/>
  <testcase classname="com.hybrid.testcases.YourCartPageTC" name="verifyCheckoutBtnTest" time="0.353"/>
  <testcase classname="com.hybrid.testcases.YourCartPageTC" name="verifyYourCartPageTitleTest" time="0.01"/>
  <testcase classname="com.hybrid.testcases.CheckoutPageTC" name="verifyCheckoutPageTitleTest" time="0.008"/>
  <testcase classname="com.hybrid.testcases.CheckoutPageTC" name="verifyContinueBtnTest" time="2.833"/>
  <testcase classname="com.hybrid.testcases.CheckoutOverviewPageTC" name="verifyFinishBtnTest" time="2.264"/>
  <testcase classname="com.hybrid.testcases.CheckoutCompletePageTC" name="verifyImageTest" time="22.524">
    <failure type="org.openqa.selenium.NoSuchElementException" message="no such element: Unable to locate element: {&amp;quot;method&amp;quot;:&amp;quot;xpath&amp;quot;,&amp;quot;selector&amp;quot;:&amp;quot;//img[@class=&amp;apos;pony_express123&amp;apos;]&amp;quot;}
  (Session info: chrome=105.0.5195.102)
For documentation on this error, please visit: https://selenium.dev/exceptions/#no_such_element
Build info: version: &amp;apos;4.4.0&amp;apos;, revision: &amp;apos;e5c75ed026a&amp;apos;
System info: host: &amp;apos;DESKTOP-LKHC9K7&amp;apos;, ip: &amp;apos;192.168.101.14&amp;apos;, os.name: &amp;apos;Windows 10&amp;apos;, os.arch: &amp;apos;amd64&amp;apos;, os.version: &amp;apos;10.0&amp;apos;, java.version: &amp;apos;11.0.16.1&amp;apos;
Driver info: org.openqa.selenium.chrome.ChromeDriver
Command: [a8acdab49475253e34c695be70f70874, findElement {using=xpath, value=//img[@class=&amp;apos;pony_express123&amp;apos;]}]
Capabilities {acceptInsecureCerts: false, browserName: chrome, browserVersion: 105.0.5195.102, chrome: {chromedriverVersion: 105.0.5195.52 (412c95e51883..., userDataDir: C:\WINDOWS\TEMP\scoped_dir9...}, goog:chromeOptions: {debuggerAddress: localhost:53067}, networkConnectionEnabled: false, pageLoadStrategy: normal, platformName: WINDOWS, proxy: Proxy(), se:cdp: ws://localhost:53067/devtoo..., se:cdpVersion: 105.0.5195.102, setWindowRect: true, strictFileInteractability: false, timeouts: {implicit: 0, pageLoad: 300000, script: 30000}, unhandledPromptBehavior: dismiss and notify, webauthn:extension:credBlob: true, webauthn:extension:largeBlob: true, webauthn:virtualAuthenticators: true}
Session ID: a8acdab49475253e34c695be70f70874">
      <![CDATA[org.openqa.selenium.NoSuchElementException: no such element: Unable to locate element: {"method":"xpath","selector":"//img[@class='pony_express123']"}
  (Session info: chrome=105.0.5195.102)
For documentation on this error, please visit: https://selenium.dev/exceptions/#no_such_element
Build info: version: '4.4.0', revision: 'e5c75ed026a'
System info: host: 'DESKTOP-LKHC9K7', ip: '192.168.101.14', os.name: 'Windows 10', os.arch: 'amd64', os.version: '10.0', java.version: '11.0.16.1'
Driver info: org.openqa.selenium.chrome.ChromeDriver
Command: [a8acdab49475253e34c695be70f70874, findElement {using=xpath, value=//img[@class='pony_express123']}]
Capabilities {acceptInsecureCerts: false, browserName: chrome, browserVersion: 105.0.5195.102, chrome: {chromedriverVersion: 105.0.5195.52 (412c95e51883..., userDataDir: C:\WINDOWS\TEMP\scoped_dir9...}, goog:chromeOptions: {debuggerAddress: localhost:53067}, networkConnectionEnabled: false, pageLoadStrategy: normal, platformName: WINDOWS, proxy: Proxy(), se:cdp: ws://localhost:53067/devtoo..., se:cdpVersion: 105.0.5195.102, setWindowRect: true, strictFileInteractability: false, timeouts: {implicit: 0, pageLoad: 300000, script: 30000}, unhandledPromptBehavior: dismiss and notify, webauthn:extension:credBlob: true, webauthn:extension:largeBlob: true, webauthn:virtualAuthenticators: true}
Session ID: a8acdab49475253e34c695be70f70874
at org.openqa.selenium.remote.codec.w3c.W3CHttpResponseCodec.createException(W3CHttpResponseCodec.java:200)
at org.openqa.selenium.remote.codec.w3c.W3CHttpResponseCodec.decode(W3CHttpResponseCodec.java:133)
at org.openqa.selenium.remote.codec.w3c.W3CHttpResponseCodec.decode(W3CHttpResponseCodec.java:53)
at org.openqa.selenium.remote.HttpCommandExecutor.execute(HttpCommandExecutor.java:184)
at org.openqa.selenium.remote.service.DriverCommandExecutor.invokeExecute(DriverCommandExecutor.java:167)
at org.openqa.selenium.remote.service.DriverCommandExecutor.execute(DriverCommandExecutor.java:142)
at org.openqa.selenium.remote.RemoteWebDriver.execute(RemoteWebDriver.java:547)
at org.openqa.selenium.remote.ElementLocation$ElementFinder$2.findElement(ElementLocation.java:162)
at org.openqa.selenium.remote.ElementLocation.findElement(ElementLocation.java:60)
at org.openqa.selenium.remote.RemoteWebDriver.findElement(RemoteWebDriver.java:365)
at org.openqa.selenium.remote.RemoteWebDriver.findElement(RemoteWebDriver.java:357)
at org.openqa.selenium.support.events.EventFiringWebDriver.lambda$new$1(EventFiringWebDriver.java:105)
at com.sun.proxy.$Proxy12.findElement(Unknown Source)
at org.openqa.selenium.support.events.EventFiringWebDriver.findElement(EventFiringWebDriver.java:194)
at org.openqa.selenium.support.pagefactory.DefaultElementLocator.findElement(DefaultElementLocator.java:70)
at org.openqa.selenium.support.pagefactory.internal.LocatingElementHandler.invoke(LocatingElementHandler.java:39)
at com.sun.proxy.$Proxy16.isDisplayed(Unknown Source)
at com.hybrid.pages.CheckoutCompletePage.validatePonyExpressImage(CheckoutCompletePage.java:20)
at com.hybrid.testcases.CheckoutCompletePageTC.verifyImageTest(CheckoutCompletePageTC.java:63)
... Removed 36 stack frames]]>
    </failure>
  </testcase> <!-- verifyImageTest -->
</testsuite> <!-- Swag Labs Test Cases -->
